<?xml version="1.0" encoding="UTF-8"?>
<robot generator="Robot 7.0 (Python 3.14.3 on win32)" generated="2026-03-04T23:43:45.456602" rpa="false" schemaversion="5">
<suite id="s1" name="Naukri Login Profile" source="C:\Users\kottu\Downloads\naukri\naukri_login_profile.robot">
<kw name="Open Naukri Browser" owner="naukri" type="SETUP">
<kw name="Open Browser" owner="SeleniumLibrary">
<msg time="2026-03-04T23:43:45.623003" level="INFO">Opening browser 'chrome' to base url 'https://www.naukri.com'.</msg>
<arg>${NAUKRI_URL}</arg>
<arg>${BROWSER}</arg>
<doc>Opens a new browser instance to the optional ``url``.</doc>
<status status="PASS" start="2026-03-04T23:43:45.622773" elapsed="3.518052"/>
</kw>
<kw name="Maximize Browser Window" owner="SeleniumLibrary">
<doc>Maximizes current browser window.</doc>
<status status="PASS" start="2026-03-04T23:43:49.141151" elapsed="0.064269"/>
</kw>
<kw name="Set Selenium Timeout" owner="SeleniumLibrary">
<arg>${TIMEOUT}</arg>
<doc>Sets the timeout that is used by various keywords.</doc>
<status status="PASS" start="2026-03-04T23:43:49.205661" elapsed="0.001629"/>
</kw>
<kw name="Log" owner="BuiltIn">
<msg time="2026-03-04T23:43:49.208004" level="INFO">Browser opened: https://www.naukri.com</msg>
<arg>Browser opened: ${NAUKRI_URL}</arg>
<doc>Logs the given message with the given level.</doc>
<status status="PASS" start="2026-03-04T23:43:49.207645" elapsed="0.000467"/>
</kw>
<doc>Launch Chrome and open Naukri homepage</doc>
<status status="PASS" start="2026-03-04T23:43:45.622148" elapsed="3.586108"/>
</kw>
<test id="s1-t1" name="TC_001 Login Update Name And Save" line="14">
<kw name="Login To Naukri" owner="naukri">
<kw name="Click Login Nav Button" owner="naukri">
<kw name="Wait Until Element Is Visible" owner="SeleniumLibrary">
<arg>${LOGIN_BTN_NAV}</arg>
<arg>timeout=${TIMEOUT}</arg>
<doc>Waits until the element ``locator`` is visible.</doc>
<status status="PASS" start="2026-03-04T23:43:49.211753" elapsed="0.043259"/>
</kw>
<kw name="Click Element" owner="SeleniumLibrary">
<msg time="2026-03-04T23:43:49.255457" level="INFO">Clicking element 'xpath=//a[contains(@href,'login') and contains(text(),'Login')]'.</msg>
<arg>${LOGIN_BTN_NAV}</arg>
<doc>Click the element identified by ``locator``.</doc>
<status status="PASS" start="2026-03-04T23:43:49.255214" elapsed="0.135679"/>
</kw>
<kw name="Log" owner="BuiltIn">
<msg time="2026-03-04T23:43:49.391523" level="INFO">Clicked Login nav button</msg>
<arg>Clicked Login nav button</arg>
<doc>Logs the given message with the given level.</doc>
<status status="PASS" start="2026-03-04T23:43:49.391231" elapsed="0.000383"/>
</kw>
<doc>Click the Login button in the top navigation bar</doc>
<status status="PASS" start="2026-03-04T23:43:49.211227" elapsed="0.180537"/>
</kw>
<kw name="Enter Login Credentials" owner="naukri">
<kw name="Wait Until Element Is Visible" owner="SeleniumLibrary">
<arg>${EMAIL_FIELD}</arg>
<arg>timeout=${TIMEOUT}</arg>
<doc>Waits until the element ``locator`` is visible.</doc>
<status status="PASS" start="2026-03-04T23:43:49.393096" elapsed="0.253841"/>
</kw>
<kw name="Clear Element Text" owner="SeleniumLibrary">
<arg>${EMAIL_FIELD}</arg>
<doc>Clears the value of the text-input-element identified by ``locator``.</doc>
<status status="PASS" start="2026-03-04T23:43:49.647190" elapsed="0.047736"/>
</kw>
<kw name="Input Text" owner="SeleniumLibrary">
<msg time="2026-03-04T23:43:49.695726" level="INFO">Typing text 'nagaraju.251n@gmail.com' into text field 'xpath=//input[@placeholder='Enter your active Email ID / Username']'.</msg>
<arg>${EMAIL_FIELD}</arg>
<arg>${email}</arg>
<doc>Types the given ``text`` into the text field identified by ``locator``.</doc>
<status status="PASS" start="2026-03-04T23:43:49.695181" elapsed="0.143011"/>
</kw>
<kw name="Wait Until Element Is Visible" owner="SeleniumLibrary">
<arg>${PASSWORD_FIELD}</arg>
<arg>timeout=${TIMEOUT}</arg>
<doc>Waits until the element ``locator`` is visible.</doc>
<status status="PASS" start="2026-03-04T23:43:49.838454" elapsed="0.028493"/>
</kw>
<kw name="Clear Element Text" owner="SeleniumLibrary">
<arg>${PASSWORD_FIELD}</arg>
<doc>Clears the value of the text-input-element identified by ``locator``.</doc>
<status status="PASS" start="2026-03-04T23:43:49.867175" elapsed="0.030711"/>
</kw>
<kw name="Input Text" owner="SeleniumLibrary">
<msg time="2026-03-04T23:43:49.898402" level="INFO">Typing text 'Idntknow' into text field 'xpath=//input[@placeholder='Enter your password']'.</msg>
<arg>${PASSWORD_FIELD}</arg>
<arg>${password}</arg>
<doc>Types the given ``text`` into the text field identified by ``locator``.</doc>
<status status="PASS" start="2026-03-04T23:43:49.898107" elapsed="0.115927"/>
</kw>
<kw name="Log" owner="BuiltIn">
<msg time="2026-03-04T23:43:50.014441" level="INFO">Credentials entered for: nagaraju.251n@gmail.com</msg>
<arg>Credentials entered for: ${email}</arg>
<doc>Logs the given message with the given level.</doc>
<status status="PASS" start="2026-03-04T23:43:50.014253" elapsed="0.000234"/>
</kw>
<arg>${email}</arg>
<arg>${password}</arg>
<doc>Fill in email and password fields</doc>
<status status="PASS" start="2026-03-04T23:43:49.392086" elapsed="0.622474"/>
</kw>
<kw name="Submit Login Form" owner="naukri">
<kw name="Wait Until Element Is Enabled" owner="SeleniumLibrary">
<arg>${SUBMIT_BTN}</arg>
<arg>timeout=${TIMEOUT}</arg>
<doc>Waits until the element ``locator`` is enabled.</doc>
<status status="PASS" start="2026-03-04T23:43:50.014996" elapsed="0.026316"/>
</kw>
<kw name="Click Element" owner="SeleniumLibrary">
<msg time="2026-03-04T23:43:50.041779" level="INFO">Clicking element 'xpath=//button[@type='submit' and contains(text(),'Login')]'.</msg>
<arg>${SUBMIT_BTN}</arg>
<doc>Click the element identified by ``locator``.</doc>
<status status="PASS" start="2026-03-04T23:43:50.041535" elapsed="0.088013"/>
</kw>
<kw name="Log" owner="BuiltIn">
<msg time="2026-03-04T23:43:50.129923" level="INFO">Login form submitted</msg>
<arg>Login form submitted</arg>
<doc>Logs the given message with the given level.</doc>
<status status="PASS" start="2026-03-04T23:43:50.129783" elapsed="0.000185"/>
</kw>
<doc>Click the Login submit button</doc>
<status status="PASS" start="2026-03-04T23:43:50.014727" elapsed="0.115309"/>
</kw>
<kw name="Wait Until Location Contains" owner="SeleniumLibrary">
<arg>naukri.com</arg>
<arg>timeout=20s</arg>
<doc>Waits until the current URL contains ``expected``.</doc>
<status status="PASS" start="2026-03-04T23:43:50.130145" elapsed="0.005595"/>
</kw>
<kw name="Close AI Chat Popup If Present" owner="naukri">
<kw name="Run Keyword And Return Status" owner="BuiltIn">
<kw name="Wait Until Element Is Visible" owner="SeleniumLibrary">
<arg>${AI_CHAT_POPUP}</arg>
<arg>timeout=5s</arg>
<doc>Waits until the element ``locator`` is visible.</doc>
<status status="PASS" start="2026-03-04T23:43:50.136573" elapsed="0.020220"/>
</kw>
<msg time="2026-03-04T23:43:50.156963" level="INFO">${popup_visible} = True</msg>
<var>${popup_visible}</var>
<arg>Wait Until Element Is Visible</arg>
<arg>${AI_CHAT_POPUP}</arg>
<arg>timeout=5s</arg>
<doc>Runs the given keyword with given arguments and returns the status as a Boolean value.</doc>
<status status="PASS" start="2026-03-04T23:43:50.136427" elapsed="0.020564"/>
</kw>
<if>
<branch type="IF" condition="${popup_visible}">
<kw name="Log" owner="BuiltIn">
<msg time="2026-03-04T23:43:50.157443" level="INFO">AI chat popup detected — attempting to close</msg>
<arg>AI chat popup detected — attempting to close</arg>
<doc>Logs the given message with the given level.</doc>
<status status="PASS" start="2026-03-04T23:43:50.157313" elapsed="0.000173"/>
</kw>
<kw name="Run Keyword And Return Status" owner="BuiltIn">
<kw name="Wait Until Element Is Visible" owner="SeleniumLibrary">
<msg time="2026-03-04T23:43:55.399827" level="INFO" html="true">&lt;/td&gt;&lt;/tr&gt;&lt;tr&gt;&lt;td colspan="3"&gt;&lt;a href="selenium-screenshot-21.png"&gt;&lt;img src="selenium-screenshot-21.png" width="800px"&gt;&lt;/a&gt;</msg>
<msg time="2026-03-04T23:43:55.400029" level="FAIL">Element 'xpath=//button[contains(@class,'closeBtn') or contains(@class,'close-btn') or contains(@aria-label,'Close') or contains(@class,'botCloseIcon') or contains(@id,'close')]' not visible after 5 seconds.</msg>
<arg>${AI_CHAT_CLOSE_BTN}</arg>
<arg>timeout=5s</arg>
<doc>Waits until the element ``locator`` is visible.</doc>
<status status="FAIL" start="2026-03-04T23:43:50.157769" elapsed="5.243955">Element 'xpath=//button[contains(@class,'closeBtn') or contains(@class,'close-btn') or contains(@aria-label,'Close') or contains(@class,'botCloseIcon') or contains(@id,'close')]' not visible after 5 seconds.</status>
</kw>
<msg time="2026-03-04T23:43:55.401894" level="INFO">${close_btn_visible} = False</msg>
<var>${close_btn_visible}</var>
<arg>Wait Until Element Is Visible</arg>
<arg>${AI_CHAT_CLOSE_BTN}</arg>
<arg>timeout=5s</arg>
<doc>Runs the given keyword with given arguments and returns the status as a Boolean value.</doc>
<status status="PASS" start="2026-03-04T23:43:50.157604" elapsed="5.244312"/>
</kw>
<if>
<branch type="IF" condition="${close_btn_visible}">
<kw name="Click Element" owner="SeleniumLibrary">
<arg>${AI_CHAT_CLOSE_BTN}</arg>
<doc>Click the element identified by ``locator``.</doc>
<status status="NOT RUN" start="2026-03-04T23:43:55.402162" elapsed="0.000024"/>
</kw>
<kw name="Log" owner="BuiltIn">
<arg>✅ AI chat popup closed successfully</arg>
<doc>Logs the given message with the given level.</doc>
<status status="NOT RUN" start="2026-03-04T23:43:55.402267" elapsed="0.000019"/>
</kw>
<status status="NOT RUN" start="2026-03-04T23:43:55.402008" elapsed="0.000309"/>
</branch>
<branch type="ELSE">
<kw name="Press Keys" owner="SeleniumLibrary">
<msg time="2026-03-04T23:43:55.402708" level="INFO">Sending key(s) ('ESCAPE',) to page.</msg>
<msg time="2026-03-04T23:43:55.402816" level="INFO">Pressing special key ESCAPE to browser.</msg>
<msg time="2026-03-04T23:43:55.402855" level="INFO">Releasing special key ESCAPE.</msg>
<arg>None</arg>
<arg>ESCAPE</arg>
<doc>Simulates the user pressing key(s) to an element or on the active browser.</doc>
<status status="PASS" start="2026-03-04T23:43:55.402425" elapsed="0.015352"/>
</kw>
<kw name="Log" owner="BuiltIn">
<msg time="2026-03-04T23:43:55.418111" level="INFO">✅ AI chat popup dismissed via ESC key</msg>
<arg>✅ AI chat popup dismissed via ESC key</arg>
<doc>Logs the given message with the given level.</doc>
<status status="PASS" start="2026-03-04T23:43:55.417974" elapsed="0.000183"/>
</kw>
<status status="PASS" start="2026-03-04T23:43:55.402355" elapsed="0.015868"/>
</branch>
<status status="PASS" start="2026-03-04T23:43:55.401985" elapsed="0.016282"/>
</if>
<status status="PASS" start="2026-03-04T23:43:50.157120" elapsed="5.261177"/>
</branch>
<branch type="ELSE">
<kw name="Log" owner="BuiltIn">
<arg>No AI chat popup detected — continuing</arg>
<doc>Logs the given message with the given level.</doc>
<status status="NOT RUN" start="2026-03-04T23:43:55.418416" elapsed="0.000022"/>
</kw>
<status status="NOT RUN" start="2026-03-04T23:43:55.418331" elapsed="0.000140"/>
</branch>
<status status="PASS" start="2026-03-04T23:43:50.157087" elapsed="5.261410"/>
</if>
<doc>Closes the AI chat/bot popup if it appears after login</doc>
<status status="PASS" start="2026-03-04T23:43:50.136161" elapsed="5.282378"/>
</kw>
<kw name="Log" owner="BuiltIn">
<msg time="2026-03-04T23:43:55.418769" level="INFO">✅ Successfully logged in as nagaraju.251n@gmail.com</msg>
<arg>✅ Successfully logged in as ${email}</arg>
<doc>Logs the given message with the given level.</doc>
<status status="PASS" start="2026-03-04T23:43:55.418643" elapsed="0.000163"/>
</kw>
<arg>${USERNAME}</arg>
<arg>${PASSWORD}</arg>
<doc>Full login flow: nav click → credentials → submit → close popup</doc>
<status status="PASS" start="2026-03-04T23:43:49.209972" elapsed="6.208887"/>
</kw>
<kw name="Click View Profile" owner="naukri">
<kw name="Wait Until Element Is Visible" owner="SeleniumLibrary">
<arg>${USER_AVATAR}</arg>
<arg>timeout=${TIMEOUT}</arg>
<doc>Waits until the element ``locator`` is visible.</doc>
<status status="PASS" start="2026-03-04T23:43:55.419621" elapsed="0.025299"/>
</kw>
<kw name="Click Element" owner="SeleniumLibrary">
<msg time="2026-03-04T23:43:55.445364" level="INFO">Clicking element 'xpath=//div[contains(@class,'nI-gNb-drawer__icon')]'.</msg>
<arg>${USER_AVATAR}</arg>
<doc>Click the element identified by ``locator``.</doc>
<status status="PASS" start="2026-03-04T23:43:55.445140" elapsed="0.092369"/>
</kw>
<kw name="Wait Until Element Is Visible" owner="SeleniumLibrary">
<arg>${VIEW_PROFILE_LINK}</arg>
<arg>timeout=${TIMEOUT}</arg>
<doc>Waits until the element ``locator`` is visible.</doc>
<status status="PASS" start="2026-03-04T23:43:55.537716" elapsed="0.473473"/>
</kw>
<kw name="Click Element" owner="SeleniumLibrary">
<msg time="2026-03-04T23:43:56.011585" level="INFO">Clicking element 'xpath=//a[contains(text(),'View &amp; Update Profile')]'.</msg>
<arg>${VIEW_PROFILE_LINK}</arg>
<doc>Click the element identified by ``locator``.</doc>
<status status="PASS" start="2026-03-04T23:43:56.011391" elapsed="0.310942"/>
</kw>
<kw name="Wait Until Location Contains" owner="SeleniumLibrary">
<arg>profile</arg>
<arg>timeout=${TIMEOUT}</arg>
<doc>Waits until the current URL contains ``expected``.</doc>
<status status="PASS" start="2026-03-04T23:43:56.322556" elapsed="0.085598"/>
</kw>
<kw name="Log" owner="BuiltIn">
<msg time="2026-03-04T23:43:56.408641" level="INFO">✅ Clicked View Profile — now on profile page</msg>
<arg>✅ Clicked View Profile — now on profile page</arg>
<doc>Logs the given message with the given level.</doc>
<status status="PASS" start="2026-03-04T23:43:56.408428" elapsed="0.000275"/>
</kw>
<doc>Click user avatar then click View &amp; Update Profile link</doc>
<status status="PASS" start="2026-03-04T23:43:55.419406" elapsed="0.989389"/>
</kw>
<kw name="Click Edit Pencil Icon" owner="naukri">
<kw name="Run Keyword And Return Status" owner="BuiltIn">
<kw name="Wait Until Element Is Visible" owner="SeleniumLibrary">
<arg>${EDIT_PENCIL_ICON}</arg>
<arg>timeout=8s</arg>
<doc>Waits until the element ``locator`` is visible.</doc>
<status status="PASS" start="2026-03-04T23:43:56.410244" elapsed="0.526960"/>
</kw>
<msg time="2026-03-04T23:43:56.937422" level="INFO">${clicked} = True</msg>
<var>${clicked}</var>
<arg>Wait Until Element Is Visible</arg>
<arg>${EDIT_PENCIL_ICON}</arg>
<arg>timeout=8s</arg>
<doc>Runs the given keyword with given arguments and returns the status as a Boolean value.</doc>
<status status="PASS" start="2026-03-04T23:43:56.410069" elapsed="0.527385"/>
</kw>
<if>
<branch type="IF" condition="${clicked}">
<kw name="Click Element" owner="SeleniumLibrary">
<msg time="2026-03-04T23:43:56.938030" level="INFO">Clicking element 'xpath=//em[contains(@class,'icon edit')]'.</msg>
<arg>${EDIT_PENCIL_ICON}</arg>
<doc>Click the element identified by ``locator``.</doc>
<status status="PASS" start="2026-03-04T23:43:56.937806" elapsed="0.135168"/>
</kw>
<kw name="Log" owner="BuiltIn">
<msg time="2026-03-04T23:43:57.073349" level="INFO">✅ Clicked pencil icon via standard click</msg>
<arg>✅ Clicked pencil icon via standard click</arg>
<doc>Logs the given message with the given level.</doc>
<status status="PASS" start="2026-03-04T23:43:57.073197" elapsed="0.000199"/>
</kw>
<status status="PASS" start="2026-03-04T23:43:56.937578" elapsed="0.135865"/>
</branch>
<branch type="ELSE">
<kw name="Execute Javascript" owner="SeleniumLibrary">
<arg>document.querySelector("em.icon.edit").click()</arg>
<doc>Executes the given JavaScript code with possible arguments.</doc>
<status status="NOT RUN" start="2026-03-04T23:43:57.073643" elapsed="0.000027"/>
</kw>
<kw name="Log" owner="BuiltIn">
<arg>✅ Clicked pencil icon via JavaScript fallback</arg>
<doc>Logs the given message with the given level.</doc>
<status status="NOT RUN" start="2026-03-04T23:43:57.073782" elapsed="0.000024"/>
</kw>
<status status="NOT RUN" start="2026-03-04T23:43:57.073492" elapsed="0.000372"/>
</branch>
<status status="PASS" start="2026-03-04T23:43:56.937551" elapsed="0.136344"/>
</if>
<kw name="Log" owner="BuiltIn">
<msg time="2026-03-04T23:43:57.074051" level="INFO">✅ Edit pencil icon clicked — form should be open now</msg>
<arg>✅ Edit pencil icon clicked — form should be open now</arg>
<doc>Logs the given message with the given level.</doc>
<status status="PASS" start="2026-03-04T23:43:57.073965" elapsed="0.000130"/>
</kw>
<doc>Click the pencil/edit icon next to name on profile page</doc>
<status status="PASS" start="2026-03-04T23:43:56.409700" elapsed="0.664470"/>
</kw>
<kw name="Update Name And Save" owner="naukri">
<kw name="Run Keyword And Return Status" owner="BuiltIn">
<kw name="Wait Until Element Is Visible" owner="SeleniumLibrary">
<arg>${NAME_FIELD}</arg>
<arg>timeout=8s</arg>
<doc>Waits until the element ``locator`` is visible.</doc>
<status status="PASS" start="2026-03-04T23:43:57.075789" elapsed="0.069966"/>
</kw>
<msg time="2026-03-04T23:43:57.145939" level="INFO">${name_visible} = True</msg>
<var>${name_visible}</var>
<arg>Wait Until Element Is Visible</arg>
<arg>${NAME_FIELD}</arg>
<arg>timeout=8s</arg>
<doc>Runs the given keyword with given arguments and returns the status as a Boolean value.</doc>
<status status="PASS" start="2026-03-04T23:43:57.075635" elapsed="0.070335"/>
</kw>
<if>
<branch type="IF" condition="${name_visible}">
<kw name="Clear Element Text" owner="SeleniumLibrary">
<arg>${NAME_FIELD}</arg>
<doc>Clears the value of the text-input-element identified by ``locator``.</doc>
<status status="PASS" start="2026-03-04T23:43:57.146328" elapsed="0.108293"/>
</kw>
<kw name="Input Text" owner="SeleniumLibrary">
<msg time="2026-03-04T23:43:57.255268" level="INFO">Typing text 'Naga Raju Kottu' into text field 'xpath=//input[@name='name' or @id='name' or contains(@placeholder,'Name') or contains(@placeholder,'name')]'.</msg>
<arg>${NAME_FIELD}</arg>
<arg>${new_name}</arg>
<doc>Types the given ``text`` into the text field identified by ``locator``.</doc>
<status status="PASS" start="2026-03-04T23:43:57.254858" elapsed="0.147229"/>
</kw>
<kw name="Log" owner="BuiltIn">
<msg time="2026-03-04T23:43:57.402548" level="INFO">✅ Entered name: Naga Raju Kottu</msg>
<arg>✅ Entered name: ${new_name}</arg>
<doc>Logs the given message with the given level.</doc>
<status status="PASS" start="2026-03-04T23:43:57.402345" elapsed="0.000256"/>
</kw>
<status status="PASS" start="2026-03-04T23:43:57.146110" elapsed="0.256544"/>
</branch>
<branch type="ELSE">
<kw name="Wait Until Element Is Visible" owner="SeleniumLibrary">
<arg>${FIRST_NAME_FIELD}</arg>
<arg>timeout=8s</arg>
<doc>Waits until the element ``locator`` is visible.</doc>
<status status="NOT RUN" start="2026-03-04T23:43:57.402834" elapsed="0.000022"/>
</kw>
<kw name="Input Text" owner="SeleniumLibrary">
<arg>${FIRST_NAME_FIELD}</arg>
<arg>${new_name}</arg>
<doc>Types the given ``text`` into the text field identified by ``locator``.</doc>
<status status="NOT RUN" start="2026-03-04T23:43:57.402934" elapsed="0.000018"/>
</kw>
<kw name="Log" owner="BuiltIn">
<arg>✅ Entered name in first name field: ${new_name}</arg>
<doc>Logs the given message with the given level.</doc>
<status status="NOT RUN" start="2026-03-04T23:43:57.403060" elapsed="0.000019"/>
</kw>
<status status="NOT RUN" start="2026-03-04T23:43:57.402707" elapsed="0.000404"/>
</branch>
<status status="PASS" start="2026-03-04T23:43:57.146077" elapsed="0.257061"/>
</if>
<kw name="Wait Until Element Is Visible" owner="SeleniumLibrary">
<arg>${SAVE_BTN}</arg>
<arg>timeout=${TIMEOUT}</arg>
<doc>Waits until the element ``locator`` is visible.</doc>
<status status="PASS" start="2026-03-04T23:43:57.403205" elapsed="0.023467"/>
</kw>
<kw name="Click Element" owner="SeleniumLibrary">
<msg time="2026-03-04T23:43:57.427167" level="INFO">Clicking element 'xpath=//button[normalize-space(text())='Save' or normalize-space(text())='Save Changes'] | //button[@type='submit' and (contains(@class,'save') or contains(@class,'Save'))]'.</msg>
<arg>${SAVE_BTN}</arg>
<doc>Click the element identified by ``locator``.</doc>
<status status="PASS" start="2026-03-04T23:43:57.426909" elapsed="0.094239"/>
</kw>
<kw name="Log" owner="BuiltIn">
<msg time="2026-03-04T23:43:57.521550" level="INFO">✅ Clicked Save — name updated to: Naga Raju Kottu</msg>
<arg>✅ Clicked Save — name updated to: ${new_name}</arg>
<doc>Logs the given message with the given level.</doc>
<status status="PASS" start="2026-03-04T23:43:57.521357" elapsed="0.000292"/>
</kw>
<doc>Clear name field, enter new name and click Save</doc>
<status status="PASS" start="2026-03-04T23:43:57.075203" elapsed="0.446532"/>
</kw>
<kw name="Log" owner="BuiltIn">
<msg time="2026-03-04T23:43:57.522381" level="INFO">✅ Name updated to 'Naga Raju Kottu' and saved successfully</msg>
<arg>✅ Name updated to 'Naga Raju Kottu' and saved successfully</arg>
<doc>Logs the given message with the given level.</doc>
<status status="PASS" start="2026-03-04T23:43:57.522221" elapsed="0.000213"/>
</kw>
<doc>Login to Naukri → Close AI popup → Click View Profile
→ Click Edit pencil icon → Update Name → Click Save</doc>
<tag>naukri</tag>
<tag>positive</tag>
<tag>smoke</tag>
<status status="PASS" start="2026-03-04T23:43:49.208428" elapsed="8.314355"/>
</test>
<kw name="Close Naukri Browser" owner="naukri" type="TEARDOWN">
<kw name="Close All Browsers" owner="SeleniumLibrary">
<doc>Closes all open browsers and resets the browser cache.</doc>
<status status="PASS" start="2026-03-04T23:43:57.524626" elapsed="6.351781"/>
</kw>
<kw name="Log" owner="BuiltIn">
<msg time="2026-03-04T23:44:03.876913" level="INFO">Browser closed</msg>
<arg>Browser closed</arg>
<doc>Logs the given message with the given level.</doc>
<status status="PASS" start="2026-03-04T23:44:03.876738" elapsed="0.000219"/>
</kw>
<doc>Close all browser windows</doc>
<status status="PASS" start="2026-03-04T23:43:57.524366" elapsed="6.352659"/>
</kw>
<doc>Naukri Automation — Login → View Profile → Edit → Update Name → Save</doc>
<status status="PASS" start="2026-03-04T23:43:45.458304" elapsed="18.418764"/>
</suite>
<statistics>
<total>
<stat pass="1" fail="0" skip="0">All Tests</stat>
</total>
<tag>
<stat pass="1" fail="0" skip="0">naukri</stat>
<stat pass="1" fail="0" skip="0">positive</stat>
<stat pass="1" fail="0" skip="0">smoke</stat>
</tag>
<suite>
<stat pass="1" fail="0" skip="0" id="s1" name="Naukri Login Profile">Naukri Login Profile</stat>
</suite>
</statistics>
<errors>
<msg time="2026-03-04T23:43:45.487077" level="ERROR">Error in file 'C:\Users\kottu\Downloads\naukri\naukri.resource' on line 22: Setting variable '${PROFILE_PAGE_HEADING} xpath=//div[contains(@class,'name-heading') or contains(@class,'nameHeading') or contains(@class,'profileName')]' failed: Invalid variable name '${PROFILE_PAGE_HEADING} xpath=//div[contains(@class,'name-heading') or contains(@class,'nameHeading') or contains(@class,'profileName')]'.</msg>
</errors>
</robot>
