<?xml version="1.0" encoding="UTF-8"?>
<robot generator="Robot 7.0 (Python 3.14.3 on win32)" generated="2026-03-05T13:23:10.387752" rpa="false" schemaversion="5">
<suite id="s1" name="Naukri Login Profile" source="C:\Users\kottu\Downloads\naukri\naukri_login_profile.robot">
<kw name="Open Naukri Browser" owner="naukri" type="SETUP">
<kw name="Open Browser" owner="SeleniumLibrary">
<msg time="2026-03-05T13:23:10.569277" level="INFO">Opening browser 'chrome' to base url 'https://www.naukri.com'.</msg>
<arg>${NAUKRI_URL}</arg>
<arg>${BROWSER}</arg>
<arg>options=add_argument("--headless=new");add_argument("--no-sandbox");add_argument("--disable-dev-shm-usage");add_argument("--window-size=1920,1080");add_argument("--disable-blink-features=AutomationControlled");add_argument("--user-agent=Mozilla/5.0 (Windows NT 10.0; Win64; x64) AppleWebKit/537.36 (KHTML, like Gecko) Chrome/120.0.0.0 Safari/537.36")</arg>
<doc>Opens a new browser instance to the optional ``url``.</doc>
<status status="PASS" start="2026-03-05T13:23:10.569037" elapsed="3.961959"/>
</kw>
<kw name="Set Selenium Timeout" owner="SeleniumLibrary">
<arg>${TIMEOUT}</arg>
<doc>Sets the timeout that is used by various keywords.</doc>
<status status="PASS" start="2026-03-05T13:23:14.531237" elapsed="0.001147"/>
</kw>
<kw name="Log" owner="BuiltIn">
<msg time="2026-03-05T13:23:14.532721" level="INFO">Browser opened: https://www.naukri.com</msg>
<arg>Browser opened: ${NAUKRI_URL}</arg>
<doc>Logs the given message with the given level.</doc>
<status status="PASS" start="2026-03-05T13:23:14.532551" elapsed="0.000204"/>
</kw>
<doc>Launch Chrome and open Naukri homepage</doc>
<status status="PASS" start="2026-03-05T13:23:10.568487" elapsed="3.964328"/>
</kw>
<test id="s1-t1" name="TC_001 Login Update Name And Save" line="14">
<kw name="Login To Naukri" owner="naukri">
<kw name="Click Login Nav Button" owner="naukri">
<kw name="Wait Until Page Contains Element" owner="SeleniumLibrary">
<arg>${LOGIN_BTN_NAV}</arg>
<arg>timeout=25s</arg>
<doc>Waits until the element ``locator`` appears on the current page.</doc>
<status status="PASS" start="2026-03-05T13:23:14.534035" elapsed="0.010568"/>
</kw>
<kw name="Scroll Element Into View" owner="SeleniumLibrary">
<arg>${LOGIN_BTN_NAV}</arg>
<doc>Scrolls the element identified by ``locator`` into view.</doc>
<status status="PASS" start="2026-03-05T13:23:14.544776" elapsed="0.291994"/>
</kw>
<kw name="Click Element" owner="SeleniumLibrary">
<msg time="2026-03-05T13:23:14.837169" level="INFO">Clicking element 'xpath=//a[contains(@href,'login')] | //button[contains(normalize-space(text()),'Login')] | //a[normalize-space(text())='Login']'.</msg>
<arg>${LOGIN_BTN_NAV}</arg>
<doc>Click the element identified by ``locator``.</doc>
<status status="PASS" start="2026-03-05T13:23:14.836945" elapsed="0.075321"/>
</kw>
<kw name="Log" owner="BuiltIn">
<msg time="2026-03-05T13:23:14.912732" level="INFO">Clicked Login nav button</msg>
<arg>Clicked Login nav button</arg>
<doc>Logs the given message with the given level.</doc>
<status status="PASS" start="2026-03-05T13:23:14.912515" elapsed="0.000282"/>
</kw>
<doc>Click the Login button in the top navigation bar</doc>
<status status="PASS" start="2026-03-05T13:23:14.533870" elapsed="0.379046"/>
</kw>
<kw name="Enter Login Credentials" owner="naukri">
<kw name="Wait Until Element Is Visible" owner="SeleniumLibrary">
<arg>${EMAIL_FIELD}</arg>
<arg>timeout=${TIMEOUT}</arg>
<doc>Waits until the element ``locator`` is visible.</doc>
<status status="PASS" start="2026-03-05T13:23:14.913616" elapsed="0.249969"/>
</kw>
<kw name="Clear Element Text" owner="SeleniumLibrary">
<arg>${EMAIL_FIELD}</arg>
<doc>Clears the value of the text-input-element identified by ``locator``.</doc>
<status status="PASS" start="2026-03-05T13:23:15.163767" elapsed="0.029046"/>
</kw>
<kw name="Input Text" owner="SeleniumLibrary">
<msg time="2026-03-05T13:23:15.193225" level="INFO">Typing text 'nagaraju.251n@gmail.com' into text field 'xpath=//input[@placeholder='Enter your active Email ID / Username']'.</msg>
<arg>${EMAIL_FIELD}</arg>
<arg>${email}</arg>
<doc>Types the given ``text`` into the text field identified by ``locator``.</doc>
<status status="PASS" start="2026-03-05T13:23:15.193010" elapsed="0.063416"/>
</kw>
<kw name="Wait Until Element Is Visible" owner="SeleniumLibrary">
<arg>${PASSWORD_FIELD}</arg>
<arg>timeout=${TIMEOUT}</arg>
<doc>Waits until the element ``locator`` is visible.</doc>
<status status="PASS" start="2026-03-05T13:23:15.256677" elapsed="0.016152"/>
</kw>
<kw name="Clear Element Text" owner="SeleniumLibrary">
<arg>${PASSWORD_FIELD}</arg>
<doc>Clears the value of the text-input-element identified by ``locator``.</doc>
<status status="PASS" start="2026-03-05T13:23:15.272996" elapsed="0.021327"/>
</kw>
<kw name="Input Text" owner="SeleniumLibrary">
<msg time="2026-03-05T13:23:15.294710" level="INFO">Typing text 'Idntknow' into text field 'xpath=//input[@placeholder='Enter your password']'.</msg>
<arg>${PASSWORD_FIELD}</arg>
<arg>${password}</arg>
<doc>Types the given ``text`` into the text field identified by ``locator``.</doc>
<status status="PASS" start="2026-03-05T13:23:15.294491" elapsed="0.075232"/>
</kw>
<kw name="Log" owner="BuiltIn">
<msg time="2026-03-05T13:23:15.370033" level="INFO">Credentials entered for: nagaraju.251n@gmail.com</msg>
<arg>Credentials entered for: ${email}</arg>
<doc>Logs the given message with the given level.</doc>
<status status="PASS" start="2026-03-05T13:23:15.369887" elapsed="0.000178"/>
</kw>
<arg>${email}</arg>
<arg>${password}</arg>
<doc>Fill in email and password fields</doc>
<status status="PASS" start="2026-03-05T13:23:14.913157" elapsed="0.456962"/>
</kw>
<kw name="Submit Login Form" owner="naukri">
<kw name="Wait Until Element Is Enabled" owner="SeleniumLibrary">
<arg>${SUBMIT_BTN}</arg>
<arg>timeout=${TIMEOUT}</arg>
<doc>Waits until the element ``locator`` is enabled.</doc>
<status status="PASS" start="2026-03-05T13:23:15.370414" elapsed="0.015616"/>
</kw>
<kw name="Click Element" owner="SeleniumLibrary">
<msg time="2026-03-05T13:23:15.386383" level="INFO">Clicking element 'xpath=//button[@type='submit' and contains(text(),'Login')]'.</msg>
<arg>${SUBMIT_BTN}</arg>
<doc>Click the element identified by ``locator``.</doc>
<status status="PASS" start="2026-03-05T13:23:15.386195" elapsed="0.053307"/>
</kw>
<kw name="Log" owner="BuiltIn">
<msg time="2026-03-05T13:23:15.439776" level="INFO">Login form submitted</msg>
<arg>Login form submitted</arg>
<doc>Logs the given message with the given level.</doc>
<status status="PASS" start="2026-03-05T13:23:15.439666" elapsed="0.000143"/>
</kw>
<doc>Click the Login submit button</doc>
<status status="PASS" start="2026-03-05T13:23:15.370238" elapsed="0.069630"/>
</kw>
<kw name="Wait Until Location Contains" owner="SeleniumLibrary">
<arg>naukri.com</arg>
<arg>timeout=20s</arg>
<doc>Waits until the current URL contains ``expected``.</doc>
<status status="PASS" start="2026-03-05T13:23:15.439948" elapsed="0.003412"/>
</kw>
<kw name="Close AI Chat Popup If Present" owner="naukri">
<kw name="Run Keyword And Return Status" owner="BuiltIn">
<kw name="Wait Until Element Is Visible" owner="SeleniumLibrary">
<arg>${AI_CHAT_POPUP}</arg>
<arg>timeout=5s</arg>
<doc>Waits until the element ``locator`` is visible.</doc>
<status status="PASS" start="2026-03-05T13:23:15.444013" elapsed="0.013699"/>
</kw>
<msg time="2026-03-05T13:23:15.457852" level="INFO">${popup_visible} = True</msg>
<var>${popup_visible}</var>
<arg>Wait Until Element Is Visible</arg>
<arg>${AI_CHAT_POPUP}</arg>
<arg>timeout=5s</arg>
<doc>Runs the given keyword with given arguments and returns the status as a Boolean value.</doc>
<status status="PASS" start="2026-03-05T13:23:15.443884" elapsed="0.013989"/>
</kw>
<if>
<branch type="IF" condition="${popup_visible}">
<kw name="Log" owner="BuiltIn">
<msg time="2026-03-05T13:23:15.458229" level="INFO">AI chat popup detected — attempting to close</msg>
<arg>AI chat popup detected — attempting to close</arg>
<doc>Logs the given message with the given level.</doc>
<status status="PASS" start="2026-03-05T13:23:15.458127" elapsed="0.000137"/>
</kw>
<kw name="Run Keyword And Return Status" owner="BuiltIn">
<kw name="Wait Until Element Is Visible" owner="SeleniumLibrary">
<msg time="2026-03-05T13:23:20.746312" level="INFO" html="true">&lt;/td&gt;&lt;/tr&gt;&lt;tr&gt;&lt;td colspan="3"&gt;&lt;a href="selenium-screenshot-1.png"&gt;&lt;img src="selenium-screenshot-1.png" width="800px"&gt;&lt;/a&gt;</msg>
<msg time="2026-03-05T13:23:20.746565" level="FAIL">Element 'xpath=//button[contains(@class,'closeBtn') or contains(@class,'close-btn') or contains(@aria-label,'Close') or contains(@class,'botCloseIcon') or contains(@id,'close')]' not visible after 5 seconds.</msg>
<arg>${AI_CHAT_CLOSE_BTN}</arg>
<arg>timeout=5s</arg>
<doc>Waits until the element ``locator`` is visible.</doc>
<status status="FAIL" start="2026-03-05T13:23:15.458494" elapsed="5.291345">Element 'xpath=//button[contains(@class,'closeBtn') or contains(@class,'close-btn') or contains(@aria-label,'Close') or contains(@class,'botCloseIcon') or contains(@id,'close')]' not visible after 5 seconds.</status>
</kw>
<msg time="2026-03-05T13:23:20.749983" level="INFO">${close_btn_visible} = False</msg>
<var>${close_btn_visible}</var>
<arg>Wait Until Element Is Visible</arg>
<arg>${AI_CHAT_CLOSE_BTN}</arg>
<arg>timeout=5s</arg>
<doc>Runs the given keyword with given arguments and returns the status as a Boolean value.</doc>
<status status="PASS" start="2026-03-05T13:23:15.458381" elapsed="5.291622"/>
</kw>
<if>
<branch type="IF" condition="${close_btn_visible}">
<kw name="Click Element" owner="SeleniumLibrary">
<arg>${AI_CHAT_CLOSE_BTN}</arg>
<doc>Click the element identified by ``locator``.</doc>
<status status="NOT RUN" start="2026-03-05T13:23:20.750232" elapsed="0.000020"/>
</kw>
<kw name="Log" owner="BuiltIn">
<arg>✅ AI chat popup closed successfully</arg>
<doc>Logs the given message with the given level.</doc>
<status status="NOT RUN" start="2026-03-05T13:23:20.750323" elapsed="0.000017"/>
</kw>
<status status="NOT RUN" start="2026-03-05T13:23:20.750089" elapsed="0.000279"/>
</branch>
<branch type="ELSE">
<kw name="Press Keys" owner="SeleniumLibrary">
<msg time="2026-03-05T13:23:20.750728" level="INFO">Sending key(s) ('ESCAPE',) to page.</msg>
<msg time="2026-03-05T13:23:20.750795" level="INFO">Pressing special key ESCAPE to browser.</msg>
<msg time="2026-03-05T13:23:20.750828" level="INFO">Releasing special key ESCAPE.</msg>
<arg>None</arg>
<arg>ESCAPE</arg>
<doc>Simulates the user pressing key(s) to an element or on the active browser.</doc>
<status status="PASS" start="2026-03-05T13:23:20.750465" elapsed="0.007230"/>
</kw>
<kw name="Log" owner="BuiltIn">
<msg time="2026-03-05T13:23:20.757980" level="INFO">✅ AI chat popup dismissed via ESC key</msg>
<arg>✅ AI chat popup dismissed via ESC key</arg>
<doc>Logs the given message with the given level.</doc>
<status status="PASS" start="2026-03-05T13:23:20.757866" elapsed="0.000150"/>
</kw>
<status status="PASS" start="2026-03-05T13:23:20.750402" elapsed="0.007651"/>
</branch>
<status status="PASS" start="2026-03-05T13:23:20.750066" elapsed="0.008029"/>
</if>
<status status="PASS" start="2026-03-05T13:23:15.457974" elapsed="5.300150"/>
</branch>
<branch type="ELSE">
<kw name="Log" owner="BuiltIn">
<arg>No AI chat popup detected — continuing</arg>
<doc>Logs the given message with the given level.</doc>
<status status="NOT RUN" start="2026-03-05T13:23:20.758233" elapsed="0.000020"/>
</kw>
<status status="NOT RUN" start="2026-03-05T13:23:20.758154" elapsed="0.000130"/>
</branch>
<status status="PASS" start="2026-03-05T13:23:15.457945" elapsed="5.300361"/>
</if>
<doc>Closes the AI chat/bot popup if it appears after login</doc>
<status status="PASS" start="2026-03-05T13:23:15.443657" elapsed="5.314688"/>
</kw>
<kw name="Log" owner="BuiltIn">
<msg time="2026-03-05T13:23:20.758515" level="INFO">✅ Successfully logged in as nagaraju.251n@gmail.com</msg>
<arg>✅ Successfully logged in as ${email}</arg>
<doc>Logs the given message with the given level.</doc>
<status status="PASS" start="2026-03-05T13:23:20.758411" elapsed="0.000135"/>
</kw>
<arg>${USERNAME}</arg>
<arg>${PASSWORD}</arg>
<doc>Full login flow: nav click → credentials → submit → close popup</doc>
<status status="PASS" start="2026-03-05T13:23:14.533579" elapsed="6.225025"/>
</kw>
<kw name="Click View Profile" owner="naukri">
<kw name="Run Keyword And Return Status" owner="BuiltIn">
<kw name="Wait Until Element Is Visible" owner="SeleniumLibrary">
<arg>${USER_AVATAR}</arg>
<arg>timeout=10s</arg>
<doc>Waits until the element ``locator`` is visible.</doc>
<status status="PASS" start="2026-03-05T13:23:20.759320" elapsed="0.016018"/>
</kw>
<msg time="2026-03-05T13:23:20.775467" level="INFO">${avatar_found} = True</msg>
<var>${avatar_found}</var>
<arg>Wait Until Element Is Visible</arg>
<arg>${USER_AVATAR}</arg>
<arg>timeout=10s</arg>
<doc>Runs the given keyword with given arguments and returns the status as a Boolean value.</doc>
<status status="PASS" start="2026-03-05T13:23:20.759213" elapsed="0.016274"/>
</kw>
<if>
<branch type="IF" condition="${avatar_found}">
<kw name="Click Element" owner="SeleniumLibrary">
<msg time="2026-03-05T13:23:20.775881" level="INFO">Clicking element 'xpath=//div[contains(@class,'nI-gNb-drawer__icon')]'.</msg>
<arg>${USER_AVATAR}</arg>
<doc>Click the element identified by ``locator``.</doc>
<status status="PASS" start="2026-03-05T13:23:20.775717" elapsed="0.065852"/>
</kw>
<kw name="Run Keyword And Return Status" owner="BuiltIn">
<kw name="Wait Until Element Is Visible" owner="SeleniumLibrary">
<arg>${VIEW_PROFILE_LINK}</arg>
<arg>timeout=8s</arg>
<doc>Waits until the element ``locator`` is visible.</doc>
<status status="PASS" start="2026-03-05T13:23:20.841915" elapsed="0.445133"/>
</kw>
<msg time="2026-03-05T13:23:21.287192" level="INFO">${link_found} = True</msg>
<var>${link_found}</var>
<arg>Wait Until Element Is Visible</arg>
<arg>${VIEW_PROFILE_LINK}</arg>
<arg>timeout=8s</arg>
<doc>Runs the given keyword with given arguments and returns the status as a Boolean value.</doc>
<status status="PASS" start="2026-03-05T13:23:20.841754" elapsed="0.445458"/>
</kw>
<if>
<branch type="IF" condition="${link_found}">
<kw name="Click Element" owner="SeleniumLibrary">
<msg time="2026-03-05T13:23:21.287618" level="INFO">Clicking element 'xpath=//a[contains(text(),'View &amp; Update Profile')]'.</msg>
<arg>${VIEW_PROFILE_LINK}</arg>
<doc>Click the element identified by ``locator``.</doc>
<status status="PASS" start="2026-03-05T13:23:21.287450" elapsed="0.519161"/>
</kw>
<status status="PASS" start="2026-03-05T13:23:21.287302" elapsed="0.519397"/>
</branch>
<branch type="ELSE">
<kw name="Go To" owner="SeleniumLibrary">
<arg>${PROFILE_URL}</arg>
<doc>Navigates the current browser window to the provided ``url``.</doc>
<status status="NOT RUN" start="2026-03-05T13:23:21.806867" elapsed="0.000022"/>
</kw>
<status status="NOT RUN" start="2026-03-05T13:23:21.806742" elapsed="0.000175"/>
</branch>
<status status="PASS" start="2026-03-05T13:23:21.287278" elapsed="0.519659"/>
</if>
<status status="PASS" start="2026-03-05T13:23:20.775575" elapsed="1.031387"/>
</branch>
<branch type="ELSE">
<kw name="Go To" owner="SeleniumLibrary">
<arg>${PROFILE_URL}</arg>
<doc>Navigates the current browser window to the provided ``url``.</doc>
<status status="NOT RUN" start="2026-03-05T13:23:21.807040" elapsed="0.000016"/>
</kw>
<status status="NOT RUN" start="2026-03-05T13:23:21.806985" elapsed="0.000096"/>
</branch>
<status status="PASS" start="2026-03-05T13:23:20.775549" elapsed="1.031551"/>
</if>
<kw name="Wait Until Location Contains" owner="SeleniumLibrary">
<arg>profile</arg>
<arg>timeout=${TIMEOUT}</arg>
<doc>Waits until the current URL contains ``expected``.</doc>
<status status="PASS" start="2026-03-05T13:23:21.807157" elapsed="0.018415"/>
</kw>
<kw name="Log" owner="BuiltIn">
<msg time="2026-03-05T13:23:21.825962" level="INFO">✅ On profile page</msg>
<arg>✅ On profile page</arg>
<doc>Logs the given message with the given level.</doc>
<status status="PASS" start="2026-03-05T13:23:21.825831" elapsed="0.000197"/>
</kw>
<doc>Navigate to profile page — try UI avatar first, fall back to direct URL</doc>
<status status="PASS" start="2026-03-05T13:23:20.759023" elapsed="1.067074"/>
</kw>
<kw name="Capture Page Screenshot" owner="SeleniumLibrary">
<msg time="2026-03-05T13:23:21.927307" level="INFO" html="true">&lt;/td&gt;&lt;/tr&gt;&lt;tr&gt;&lt;td colspan="3"&gt;&lt;a href="profile_page.png"&gt;&lt;img src="profile_page.png" width="800px"&gt;&lt;/a&gt;</msg>
<arg>filename=profile_page.png</arg>
<doc>Takes a screenshot of the current page and embeds it into a log file.</doc>
<status status="PASS" start="2026-03-05T13:23:21.826647" elapsed="0.100783"/>
</kw>
<kw name="Click Edit Pencil Icon" owner="naukri">
<kw name="Sleep" owner="BuiltIn">
<msg time="2026-03-05T13:23:24.928716" level="INFO">Slept 3 seconds.</msg>
<arg>3s</arg>
<doc>Pauses the test executed for the given time.</doc>
<status status="PASS" start="2026-03-05T13:23:21.928212" elapsed="3.000602"/>
</kw>
<kw name="Run Keyword And Return Status" owner="BuiltIn">
<kw name="Wait Until Element Is Visible" owner="SeleniumLibrary">
<arg>${EDIT_PENCIL_ICON}</arg>
<arg>timeout=10s</arg>
<doc>Waits until the element ``locator`` is visible.</doc>
<status status="PASS" start="2026-03-05T13:23:24.929125" elapsed="0.014810"/>
</kw>
<msg time="2026-03-05T13:23:24.944064" level="INFO">${clicked} = True</msg>
<var>${clicked}</var>
<arg>Wait Until Element Is Visible</arg>
<arg>${EDIT_PENCIL_ICON}</arg>
<arg>timeout=10s</arg>
<doc>Runs the given keyword with given arguments and returns the status as a Boolean value.</doc>
<status status="PASS" start="2026-03-05T13:23:24.928982" elapsed="0.015101"/>
</kw>
<if>
<branch type="IF" condition="${clicked}">
<kw name="Click Element" owner="SeleniumLibrary">
<msg time="2026-03-05T13:23:24.944470" level="INFO">Clicking element 'xpath=//em[contains(@class,'icon') and contains(@class,'edit')] | //*[contains(@class,'editIcon')] | //*[contains(@class,'edit-icon')] | //button[contains(@class,'edit')]'.</msg>
<arg>${EDIT_PENCIL_ICON}</arg>
<doc>Click the element identified by ``locator``.</doc>
<status status="PASS" start="2026-03-05T13:23:24.944311" elapsed="0.058515"/>
</kw>
<kw name="Log" owner="BuiltIn">
<msg time="2026-03-05T13:23:25.003120" level="INFO">✅ Clicked pencil icon via standard click</msg>
<arg>✅ Clicked pencil icon via standard click</arg>
<doc>Logs the given message with the given level.</doc>
<status status="PASS" start="2026-03-05T13:23:25.003005" elapsed="0.000150"/>
</kw>
<status status="PASS" start="2026-03-05T13:23:24.944168" elapsed="0.059024"/>
</branch>
<branch type="ELSE">
<kw name="Execute Javascript" owner="SeleniumLibrary">
<var>${js_ok}</var>
<arg>var el = document.querySelector("em.icon.edit, [class*='editIcon'], [class*='edit-icon'], button[class*='edit'], [data-ga-track*='edit']"); if(el){el.click();return true;}return false;</arg>
<doc>Executes the given JavaScript code with possible arguments.</doc>
<status status="NOT RUN" start="2026-03-05T13:23:25.003321" elapsed="0.000020"/>
</kw>
<kw name="Run Keyword If" owner="BuiltIn">
<arg>not ${js_ok}</arg>
<arg>Fail</arg>
<arg>Edit pencil icon not found on profile page</arg>
<doc>Runs the given keyword with the given arguments, if ``condition`` is true.</doc>
<status status="NOT RUN" start="2026-03-05T13:23:25.003423" elapsed="0.000019"/>
</kw>
<kw name="Log" owner="BuiltIn">
<arg>✅ Clicked pencil icon via JavaScript fallback</arg>
<doc>Logs the given message with the given level.</doc>
<status status="NOT RUN" start="2026-03-05T13:23:25.003510" elapsed="0.000016"/>
</kw>
<status status="NOT RUN" start="2026-03-05T13:23:25.003231" elapsed="0.000323"/>
</branch>
<status status="PASS" start="2026-03-05T13:23:24.944149" elapsed="0.059429"/>
</if>
<kw name="Log" owner="BuiltIn">
<msg time="2026-03-05T13:23:25.003700" level="INFO">✅ Edit pencil icon clicked — form should be open now</msg>
<arg>✅ Edit pencil icon clicked — form should be open now</arg>
<doc>Logs the given message with the given level.</doc>
<status status="PASS" start="2026-03-05T13:23:25.003632" elapsed="0.000098"/>
</kw>
<doc>Click the pencil/edit icon next to name on profile page</doc>
<status status="PASS" start="2026-03-05T13:23:21.927954" elapsed="3.075827"/>
</kw>
<kw name="Update Name And Save" owner="naukri">
<kw name="Run Keyword And Return Status" owner="BuiltIn">
<kw name="Wait Until Element Is Visible" owner="SeleniumLibrary">
<arg>${NAME_FIELD}</arg>
<arg>timeout=8s</arg>
<doc>Waits until the element ``locator`` is visible.</doc>
<status status="PASS" start="2026-03-05T13:23:25.004481" elapsed="0.027410"/>
</kw>
<msg time="2026-03-05T13:23:25.032028" level="INFO">${name_visible} = True</msg>
<var>${name_visible}</var>
<arg>Wait Until Element Is Visible</arg>
<arg>${NAME_FIELD}</arg>
<arg>timeout=8s</arg>
<doc>Runs the given keyword with given arguments and returns the status as a Boolean value.</doc>
<status status="PASS" start="2026-03-05T13:23:25.004374" elapsed="0.027676"/>
</kw>
<if>
<branch type="IF" condition="${name_visible}">
<kw name="Clear Element Text" owner="SeleniumLibrary">
<arg>${NAME_FIELD}</arg>
<doc>Clears the value of the text-input-element identified by ``locator``.</doc>
<status status="PASS" start="2026-03-05T13:23:25.032272" elapsed="0.059786"/>
</kw>
<kw name="Input Text" owner="SeleniumLibrary">
<msg time="2026-03-05T13:23:25.092654" level="INFO">Typing text 'Naga Raju Kottu' into text field 'xpath=//input[@name='name' or @id='name' or contains(@placeholder,'Name') or contains(@placeholder,'name')]'.</msg>
<arg>${NAME_FIELD}</arg>
<arg>${new_name}</arg>
<doc>Types the given ``text`` into the text field identified by ``locator``.</doc>
<status status="PASS" start="2026-03-05T13:23:25.092405" elapsed="0.103278"/>
</kw>
<kw name="Log" owner="BuiltIn">
<msg time="2026-03-05T13:23:25.196057" level="INFO">✅ Entered name: Naga Raju Kottu</msg>
<arg>✅ Entered name: ${new_name}</arg>
<doc>Logs the given message with the given level.</doc>
<status status="PASS" start="2026-03-05T13:23:25.195890" elapsed="0.000207"/>
</kw>
<status status="PASS" start="2026-03-05T13:23:25.032133" elapsed="0.164003"/>
</branch>
<branch type="ELSE">
<kw name="Wait Until Element Is Visible" owner="SeleniumLibrary">
<arg>${FIRST_NAME_FIELD}</arg>
<arg>timeout=8s</arg>
<doc>Waits until the element ``locator`` is visible.</doc>
<status status="NOT RUN" start="2026-03-05T13:23:25.196305" elapsed="0.000020"/>
</kw>
<kw name="Input Text" owner="SeleniumLibrary">
<arg>${FIRST_NAME_FIELD}</arg>
<arg>${new_name}</arg>
<doc>Types the given ``text`` into the text field identified by ``locator``.</doc>
<status status="NOT RUN" start="2026-03-05T13:23:25.196417" elapsed="0.000021"/>
</kw>
<kw name="Log" owner="BuiltIn">
<arg>✅ Entered name in first name field: ${new_name}</arg>
<doc>Logs the given message with the given level.</doc>
<status status="NOT RUN" start="2026-03-05T13:23:25.196553" elapsed="0.000035"/>
</kw>
<status status="NOT RUN" start="2026-03-05T13:23:25.196182" elapsed="0.000450"/>
</branch>
<status status="PASS" start="2026-03-05T13:23:25.032113" elapsed="0.164561"/>
</if>
<kw name="Wait Until Element Is Visible" owner="SeleniumLibrary">
<arg>${SAVE_BTN}</arg>
<arg>timeout=${TIMEOUT}</arg>
<doc>Waits until the element ``locator`` is visible.</doc>
<status status="PASS" start="2026-03-05T13:23:25.196757" elapsed="0.017029"/>
</kw>
<kw name="Click Element" owner="SeleniumLibrary">
<msg time="2026-03-05T13:23:25.214223" level="INFO">Clicking element 'xpath=//button[normalize-space(text())='Save' or normalize-space(text())='Save Changes'] | //button[@type='submit' and (contains(@class,'save') or contains(@class,'Save'))]'.</msg>
<arg>${SAVE_BTN}</arg>
<doc>Click the element identified by ``locator``.</doc>
<status status="PASS" start="2026-03-05T13:23:25.213995" elapsed="0.098300"/>
</kw>
<kw name="Log" owner="BuiltIn">
<msg time="2026-03-05T13:23:25.312739" level="INFO">✅ Clicked Save — name updated to: Naga Raju Kottu</msg>
<arg>✅ Clicked Save — name updated to: ${new_name}</arg>
<doc>Logs the given message with the given level.</doc>
<status status="PASS" start="2026-03-05T13:23:25.312552" elapsed="0.000225"/>
</kw>
<doc>Clear name field, enter new name and click Save</doc>
<status status="PASS" start="2026-03-05T13:23:25.004145" elapsed="0.308692"/>
</kw>
<kw name="Log" owner="BuiltIn">
<msg time="2026-03-05T13:23:25.313474" level="INFO">✅ Name updated to 'Naga Raju Kottu' and saved successfully</msg>
<arg>✅ Name updated to 'Naga Raju Kottu' and saved successfully</arg>
<doc>Logs the given message with the given level.</doc>
<status status="PASS" start="2026-03-05T13:23:25.313359" elapsed="0.000151"/>
</kw>
<doc>Login to Naukri → Close AI popup → Click View Profile
→ Click Edit pencil icon → Update Name → Click Save</doc>
<tag>naukri</tag>
<tag>positive</tag>
<tag>smoke</tag>
<status status="PASS" start="2026-03-05T13:23:14.532894" elapsed="10.780833"/>
</test>
<kw name="Close Naukri Browser" owner="naukri" type="TEARDOWN">
<kw name="Close All Browsers" owner="SeleniumLibrary">
<doc>Closes all open browsers and resets the browser cache.</doc>
<status status="PASS" start="2026-03-05T13:23:25.314736" elapsed="6.465413"/>
</kw>
<kw name="Log" owner="BuiltIn">
<msg time="2026-03-05T13:23:31.780441" level="INFO">Browser closed</msg>
<arg>Browser closed</arg>
<doc>Logs the given message with the given level.</doc>
<status status="PASS" start="2026-03-05T13:23:31.780325" elapsed="0.000150"/>
</kw>
<doc>Close all browser windows</doc>
<status status="PASS" start="2026-03-05T13:23:25.314559" elapsed="6.465972"/>
</kw>
<doc>Naukri Automation — Login → View Profile → Edit → Update Name → Save</doc>
<status status="PASS" start="2026-03-05T13:23:10.389188" elapsed="21.391380"/>
</suite>
<statistics>
<total>
<stat pass="1" fail="0" skip="0">All Tests</stat>
</total>
<tag>
<stat pass="1" fail="0" skip="0">naukri</stat>
<stat pass="1" fail="0" skip="0">positive</stat>
<stat pass="1" fail="0" skip="0">smoke</stat>
</tag>
<suite>
<stat pass="1" fail="0" skip="0" id="s1" name="Naukri Login Profile">Naukri Login Profile</stat>
</suite>
</statistics>
<errors>
</errors>
</robot>
